Analysis & Synthesis report for term_project
Tue Dec 03 18:19:16 2024
Quartus Prime Version 20.1.1 Build 720 11/11/2020 SJ Lite Edition


---------------------
; Table of Contents ;
---------------------
  1. Legal Notice
  2. Analysis & Synthesis Summary
  3. Analysis & Synthesis Settings
  4. Parallel Compilation
  5. Analysis & Synthesis Source Files Read
  6. Analysis & Synthesis Resource Usage Summary
  7. Analysis & Synthesis Resource Utilization by Entity
  8. State Machine - |term_project|control_unit:comb_6|state
  9. Registers Removed During Synthesis
 10. General Register Statistics
 11. Multiplexer Restructuring Statistics (Restructuring Performed)
 12. Parameter Settings for User Entity Instance: control_unit:comb_6
 13. Parameter Settings for User Entity Instance: input_unit:comb_7|keypad_input:comb_3
 14. Parameter Settings for User Entity Instance: input_unit:comb_7|keypad_input:comb_3|keypad_base:keypad_base|nclk:keypad_clock_divider
 15. Parameter Settings for User Entity Instance: input_unit:comb_7|keypad_input:comb_3|keypad_base:keypad_base|keypad_decoder:keypad_key_decoder
 16. Parameter Settings for User Entity Instance: input_unit:comb_7|keypad_input:comb_3|shift_reg:shift_reg
 17. Parameter Settings for User Entity Instance: input_unit:comb_7|bcd2binary_sm:comb_4
 18. Parameter Settings for User Entity Instance: alu:comb_9|register:r_a
 19. Parameter Settings for User Entity Instance: alu:comb_9|register:r_b
 20. Parameter Settings for User Entity Instance: alu:comb_9|register:r_r
 21. Parameter Settings for User Entity Instance: alu:comb_9|register:r_cc
 22. Parameter Settings for User Entity Instance: alu:comb_9|ripple_addsub:adder
 23. Parameter Settings for Inferred Entity Instance: input_unit:comb_7|bcd2binary_sm:comb_4|lpm_mult:Mult0
 24. lpm_mult Parameter Settings by Entity Instance
 25. Port Connectivity Checks: "output_unit:comb_10|bcd2seven:comb_6"
 26. Port Connectivity Checks: "output_unit:comb_10|binary2bcd:comb_3|add3:m6"
 27. Port Connectivity Checks: "output_unit:comb_10|binary2bcd:comb_3|add3:m1"
 28. Port Connectivity Checks: "alu:comb_9|ripple_addsub:adder"
 29. Port Connectivity Checks: "alu:comb_9|register:r_cc"
 30. Port Connectivity Checks: "alu:comb_9"
 31. Port Connectivity Checks: "input_unit:comb_7|keypad_input:comb_3|shift_reg:shift_reg"
 32. Port Connectivity Checks: "input_unit:comb_7|keypad_input:comb_3|keypad_base:keypad_base|keypad_fsm:keypad_fsm"
 33. Port Connectivity Checks: "input_unit:comb_7|keypad_input:comb_3|keypad_base:keypad_base"
 34. Post-Synthesis Netlist Statistics for Top Partition
 35. Elapsed Time Per Partition
 36. Analysis & Synthesis Messages
 37. Analysis & Synthesis Suppressed Messages



----------------
; Legal Notice ;
----------------
Copyright (C) 2020  Intel Corporation. All rights reserved.
Your use of Intel Corporation's design tools, logic functions 
and other software and tools, and any partner logic 
functions, and any output files from any of the foregoing 
(including device programming or simulation files), and any 
associated documentation or information are expressly subject 
to the terms and conditions of the Intel Program License 
Subscription Agreement, the Intel Quartus Prime License Agreement,
the Intel FPGA IP License Agreement, or other applicable license
agreement, including, without limitation, that your use is for
the sole purpose of programming logic devices manufactured by
Intel and sold by Intel or its authorized distributors.  Please
refer to the applicable agreement for further details, at
https://fpgasoftware.intel.com/eula.



+----------------------------------------------------------------------------------+
; Analysis & Synthesis Summary                                                     ;
+------------------------------------+---------------------------------------------+
; Analysis & Synthesis Status        ; Successful - Tue Dec 03 18:19:16 2024       ;
; Quartus Prime Version              ; 20.1.1 Build 720 11/11/2020 SJ Lite Edition ;
; Revision Name                      ; term_project                                ;
; Top-level Entity Name              ; term_project                                ;
; Family                             ; MAX 10                                      ;
; Total logic elements               ; 285                                         ;
;     Total combinational functions  ; 269                                         ;
;     Dedicated logic registers      ; 85                                          ;
; Total registers                    ; 85                                          ;
; Total pins                         ; 36                                          ;
; Total virtual pins                 ; 0                                           ;
; Total memory bits                  ; 0                                           ;
; Embedded Multiplier 9-bit elements ; 0                                           ;
; Total PLLs                         ; 0                                           ;
; UFM blocks                         ; 0                                           ;
; ADC blocks                         ; 0                                           ;
+------------------------------------+---------------------------------------------+


+------------------------------------------------------------------------------------------------------------+
; Analysis & Synthesis Settings                                                                              ;
+------------------------------------------------------------------+--------------------+--------------------+
; Option                                                           ; Setting            ; Default Value      ;
+------------------------------------------------------------------+--------------------+--------------------+
; Device                                                           ; 10M50DAF484C7G     ;                    ;
; Top-level entity name                                            ; term_project       ; term_project       ;
; Family name                                                      ; MAX 10             ; Cyclone V          ;
; Use smart compilation                                            ; Off                ; Off                ;
; Enable parallel Assembler and Timing Analyzer during compilation ; On                 ; On                 ;
; Enable compact report table                                      ; Off                ; Off                ;
; Restructure Multiplexers                                         ; Auto               ; Auto               ;
; Create Debugging Nodes for IP Cores                              ; Off                ; Off                ;
; Preserve fewer node names                                        ; On                 ; On                 ;
; Intel FPGA IP Evaluation Mode                                    ; Enable             ; Enable             ;
; Verilog Version                                                  ; Verilog_2001       ; Verilog_2001       ;
; VHDL Version                                                     ; VHDL_1993          ; VHDL_1993          ;
; State Machine Processing                                         ; Auto               ; Auto               ;
; Safe State Machine                                               ; Off                ; Off                ;
; Extract Verilog State Machines                                   ; On                 ; On                 ;
; Extract VHDL State Machines                                      ; On                 ; On                 ;
; Ignore Verilog initial constructs                                ; Off                ; Off                ;
; Iteration limit for constant Verilog loops                       ; 5000               ; 5000               ;
; Iteration limit for non-constant Verilog loops                   ; 250                ; 250                ;
; Add Pass-Through Logic to Inferred RAMs                          ; On                 ; On                 ;
; Infer RAMs from Raw Logic                                        ; On                 ; On                 ;
; Parallel Synthesis                                               ; On                 ; On                 ;
; DSP Block Balancing                                              ; Auto               ; Auto               ;
; NOT Gate Push-Back                                               ; On                 ; On                 ;
; Power-Up Don't Care                                              ; On                 ; On                 ;
; Remove Redundant Logic Cells                                     ; Off                ; Off                ;
; Remove Duplicate Registers                                       ; On                 ; On                 ;
; Ignore CARRY Buffers                                             ; Off                ; Off                ;
; Ignore CASCADE Buffers                                           ; Off                ; Off                ;
; Ignore GLOBAL Buffers                                            ; Off                ; Off                ;
; Ignore ROW GLOBAL Buffers                                        ; Off                ; Off                ;
; Ignore LCELL Buffers                                             ; Off                ; Off                ;
; Ignore SOFT Buffers                                              ; On                 ; On                 ;
; Limit AHDL Integers to 32 Bits                                   ; Off                ; Off                ;
; Optimization Technique                                           ; Balanced           ; Balanced           ;
; Carry Chain Length                                               ; 70                 ; 70                 ;
; Auto Carry Chains                                                ; On                 ; On                 ;
; Auto Open-Drain Pins                                             ; On                 ; On                 ;
; Perform WYSIWYG Primitive Resynthesis                            ; Off                ; Off                ;
; Auto ROM Replacement                                             ; On                 ; On                 ;
; Auto RAM Replacement                                             ; On                 ; On                 ;
; Auto DSP Block Replacement                                       ; On                 ; On                 ;
; Auto Shift Register Replacement                                  ; Auto               ; Auto               ;
; Allow Shift Register Merging across Hierarchies                  ; Auto               ; Auto               ;
; Auto Clock Enable Replacement                                    ; On                 ; On                 ;
; Strict RAM Replacement                                           ; Off                ; Off                ;
; Allow Synchronous Control Signals                                ; On                 ; On                 ;
; Force Use of Synchronous Clear Signals                           ; Off                ; Off                ;
; Auto RAM Block Balancing                                         ; On                 ; On                 ;
; Auto RAM to Logic Cell Conversion                                ; Off                ; Off                ;
; Auto Resource Sharing                                            ; Off                ; Off                ;
; Allow Any RAM Size For Recognition                               ; Off                ; Off                ;
; Allow Any ROM Size For Recognition                               ; Off                ; Off                ;
; Allow Any Shift Register Size For Recognition                    ; Off                ; Off                ;
; Use LogicLock Constraints during Resource Balancing              ; On                 ; On                 ;
; Ignore translate_off and synthesis_off directives                ; Off                ; Off                ;
; Timing-Driven Synthesis                                          ; On                 ; On                 ;
; Report Parameter Settings                                        ; On                 ; On                 ;
; Report Source Assignments                                        ; On                 ; On                 ;
; Report Connectivity Checks                                       ; On                 ; On                 ;
; Ignore Maximum Fan-Out Assignments                               ; Off                ; Off                ;
; Synchronization Register Chain Length                            ; 2                  ; 2                  ;
; Power Optimization During Synthesis                              ; Normal compilation ; Normal compilation ;
; HDL message level                                                ; Level2             ; Level2             ;
; Suppress Register Optimization Related Messages                  ; Off                ; Off                ;
; Number of Removed Registers Reported in Synthesis Report         ; 5000               ; 5000               ;
; Number of Swept Nodes Reported in Synthesis Report               ; 5000               ; 5000               ;
; Number of Inverted Registers Reported in Synthesis Report        ; 100                ; 100                ;
; Clock MUX Protection                                             ; On                 ; On                 ;
; Auto Gated Clock Conversion                                      ; Off                ; Off                ;
; Block Design Naming                                              ; Auto               ; Auto               ;
; SDC constraint protection                                        ; Off                ; Off                ;
; Synthesis Effort                                                 ; Auto               ; Auto               ;
; Shift Register Replacement - Allow Asynchronous Clear Signal     ; On                 ; On                 ;
; Pre-Mapping Resynthesis Optimization                             ; Off                ; Off                ;
; Analysis & Synthesis Message Level                               ; Medium             ; Medium             ;
; Disable Register Merging Across Hierarchies                      ; Auto               ; Auto               ;
; Resource Aware Inference For Block RAM                           ; On                 ; On                 ;
+------------------------------------------------------------------+--------------------+--------------------+


+------------------------------------------+
; Parallel Compilation                     ;
+----------------------------+-------------+
; Processors                 ; Number      ;
+----------------------------+-------------+
; Number detected on machine ; 8           ;
; Maximum allowed            ; 4           ;
;                            ;             ;
; Average used               ; 1.00        ;
; Maximum used               ; 4           ;
;                            ;             ;
; Usage by Processor         ; % Time Used ;
;     Processor 1            ; 100.0%      ;
;     Processor 2            ;   0.0%      ;
;     Processors 3-4         ;   0.0%      ;
+----------------------------+-------------+


+-------------------------------------------------------------------------------------------------------------------------------------------------------------------------+
; Analysis & Synthesis Source Files Read                                                                                                                                  ;
+----------------------------------+-----------------+------------------------------+---------------------------------------------------------------------------+---------+
; File Name with User-Entered Path ; Used in Netlist ; File Type                    ; File Name with Absolute Path                                              ; Library ;
+----------------------------------+-----------------+------------------------------+---------------------------------------------------------------------------+---------+
; ../lab10/add3.v                  ; yes             ; User Verilog HDL File        ; C:/Users/axa9763/Desktop/current/lab10/add3.v                             ;         ;
; ../lab10/bcd2seven.v             ; yes             ; User Verilog HDL File        ; C:/Users/axa9763/Desktop/current/lab10/bcd2seven.v                        ;         ;
; ../lab10/binary2bcd.v            ; yes             ; User Verilog HDL File        ; C:/Users/axa9763/Desktop/current/lab10/binary2bcd.v                       ;         ;
; ../lab7/fulladder.sv             ; yes             ; User SystemVerilog HDL File  ; C:/Users/axa9763/Desktop/current/lab7/fulladder.sv                        ;         ;
; ../lab7/ripple_adder.sv          ; yes             ; User SystemVerilog HDL File  ; C:/Users/axa9763/Desktop/current/lab7/ripple_adder.sv                     ;         ;
; ../lab7/register.sv              ; yes             ; User SystemVerilog HDL File  ; C:/Users/axa9763/Desktop/current/lab7/register.sv                         ;         ;
; ../lab7/lab7_alu.sv              ; yes             ; User SystemVerilog HDL File  ; C:/Users/axa9763/Desktop/current/lab7/lab7_alu.sv                         ;         ;
; ../lab9/nclk/nclk.v              ; yes             ; User Verilog HDL File        ; C:/Users/axa9763/Desktop/current/lab9/nclk/nclk.v                         ;         ;
; ../lab11/part1/sm2signed.v       ; yes             ; User Verilog HDL File        ; C:/Users/axa9763/Desktop/current/lab11/part1/sm2signed.v                  ;         ;
; ../lab11/part1/shift_reg.v       ; yes             ; User Verilog HDL File        ; C:/Users/axa9763/Desktop/current/lab11/part1/shift_reg.v                  ;         ;
; ../lab11/part1/keypad_input.v    ; yes             ; User Verilog HDL File        ; C:/Users/axa9763/Desktop/current/lab11/part1/keypad_input.v               ;         ;
; ../lab11/part1/keypad_fsm.v      ; yes             ; User Verilog HDL File        ; C:/Users/axa9763/Desktop/current/lab11/part1/keypad_fsm.v                 ;         ;
; ../lab11/part1/keypad_decoder.v  ; yes             ; User Verilog HDL File        ; C:/Users/axa9763/Desktop/current/lab11/part1/keypad_decoder.v             ;         ;
; ../lab11/part1/bcd2binary_sm.v   ; yes             ; User Verilog HDL File        ; C:/Users/axa9763/Desktop/current/lab11/part1/bcd2binary_sm.v              ;         ;
; ../lab11/part1/keypad_base.v     ; yes             ; User Verilog HDL File        ; C:/Users/axa9763/Desktop/current/lab11/part1/keypad_base.v                ;         ;
; ../lab10/output_unit.v           ; yes             ; User Verilog HDL File        ; C:/Users/axa9763/Desktop/current/lab10/output_unit.v                      ;         ;
; ../lab11/part1/input_unit.v      ; yes             ; User Verilog HDL File        ; C:/Users/axa9763/Desktop/current/lab11/part1/input_unit.v                 ;         ;
; term_project.v                   ; yes             ; User Verilog HDL File        ; C:/Users/axa9763/Desktop/current/term_project/term_project.v              ;         ;
; mux.v                            ; yes             ; User Verilog HDL File        ; C:/Users/axa9763/Desktop/current/term_project/mux.v                       ;         ;
; ../lab12/control_unit.v          ; yes             ; User Verilog HDL File        ; C:/Users/axa9763/Desktop/current/lab12/control_unit.v                     ;         ;
; lpm_mult.tdf                     ; yes             ; Megafunction                 ; c:/intelfpga_lite/20.1/quartus/libraries/megafunctions/lpm_mult.tdf       ;         ;
; aglobal201.inc                   ; yes             ; Megafunction                 ; c:/intelfpga_lite/20.1/quartus/libraries/megafunctions/aglobal201.inc     ;         ;
; lpm_add_sub.inc                  ; yes             ; Megafunction                 ; c:/intelfpga_lite/20.1/quartus/libraries/megafunctions/lpm_add_sub.inc    ;         ;
; multcore.inc                     ; yes             ; Megafunction                 ; c:/intelfpga_lite/20.1/quartus/libraries/megafunctions/multcore.inc       ;         ;
; bypassff.inc                     ; yes             ; Megafunction                 ; c:/intelfpga_lite/20.1/quartus/libraries/megafunctions/bypassff.inc       ;         ;
; altshift.inc                     ; yes             ; Megafunction                 ; c:/intelfpga_lite/20.1/quartus/libraries/megafunctions/altshift.inc       ;         ;
; multcore.tdf                     ; yes             ; Megafunction                 ; c:/intelfpga_lite/20.1/quartus/libraries/megafunctions/multcore.tdf       ;         ;
; csa_add.inc                      ; yes             ; Megafunction                 ; c:/intelfpga_lite/20.1/quartus/libraries/megafunctions/csa_add.inc        ;         ;
; mpar_add.inc                     ; yes             ; Megafunction                 ; c:/intelfpga_lite/20.1/quartus/libraries/megafunctions/mpar_add.inc       ;         ;
; muleabz.inc                      ; yes             ; Megafunction                 ; c:/intelfpga_lite/20.1/quartus/libraries/megafunctions/muleabz.inc        ;         ;
; mul_lfrg.inc                     ; yes             ; Megafunction                 ; c:/intelfpga_lite/20.1/quartus/libraries/megafunctions/mul_lfrg.inc       ;         ;
; mul_boothc.inc                   ; yes             ; Megafunction                 ; c:/intelfpga_lite/20.1/quartus/libraries/megafunctions/mul_boothc.inc     ;         ;
; alt_ded_mult.inc                 ; yes             ; Megafunction                 ; c:/intelfpga_lite/20.1/quartus/libraries/megafunctions/alt_ded_mult.inc   ;         ;
; alt_ded_mult_y.inc               ; yes             ; Megafunction                 ; c:/intelfpga_lite/20.1/quartus/libraries/megafunctions/alt_ded_mult_y.inc ;         ;
; dffpipe.inc                      ; yes             ; Megafunction                 ; c:/intelfpga_lite/20.1/quartus/libraries/megafunctions/dffpipe.inc        ;         ;
; mpar_add.tdf                     ; yes             ; Megafunction                 ; c:/intelfpga_lite/20.1/quartus/libraries/megafunctions/mpar_add.tdf       ;         ;
; altshift.tdf                     ; yes             ; Megafunction                 ; c:/intelfpga_lite/20.1/quartus/libraries/megafunctions/altshift.tdf       ;         ;
+----------------------------------+-----------------+------------------------------+---------------------------------------------------------------------------+---------+


+-------------------------------------------------------------+
; Analysis & Synthesis Resource Usage Summary                 ;
+---------------------------------------------+---------------+
; Resource                                    ; Usage         ;
+---------------------------------------------+---------------+
; Estimated Total logic elements              ; 285           ;
;                                             ;               ;
; Total combinational functions               ; 269           ;
; Logic element usage by number of LUT inputs ;               ;
;     -- 4 input functions                    ; 124           ;
;     -- 3 input functions                    ; 77            ;
;     -- <=2 input functions                  ; 68            ;
;                                             ;               ;
; Logic elements by mode                      ;               ;
;     -- normal mode                          ; 219           ;
;     -- arithmetic mode                      ; 50            ;
;                                             ;               ;
; Total registers                             ; 85            ;
;     -- Dedicated logic registers            ; 85            ;
;     -- I/O registers                        ; 0             ;
;                                             ;               ;
; I/O pins                                    ; 36            ;
;                                             ;               ;
; Embedded Multiplier 9-bit elements          ; 0             ;
;                                             ;               ;
; Maximum fan-out node                        ; clr_all~input ;
; Maximum fan-out                             ; 36            ;
; Total fan-out                               ; 1161          ;
; Average fan-out                             ; 2.73          ;
+---------------------------------------------+---------------+


+------------------------------------------------------------------------------------------------------------------------------------------------------------------------------------------------------------------------------------------------------------------------------------------------------------------------------------------------------+
; Analysis & Synthesis Resource Utilization by Entity                                                                                                                                                                                                                                                                                                  ;
+-------------------------------------------------+---------------------+---------------------------+-------------+------------+--------------+---------+-----------+------+--------------+------------+---------------------------------------------------------------------------------------------------------------+----------------+--------------+
; Compilation Hierarchy Node                      ; Combinational ALUTs ; Dedicated Logic Registers ; Memory Bits ; UFM Blocks ; DSP Elements ; DSP 9x9 ; DSP 18x18 ; Pins ; Virtual Pins ; ADC blocks ; Full Hierarchy Name                                                                                           ; Entity Name    ; Library Name ;
+-------------------------------------------------+---------------------+---------------------------+-------------+------------+--------------+---------+-----------+------+--------------+------------+---------------------------------------------------------------------------------------------------------------+----------------+--------------+
; |term_project                                   ; 269 (0)             ; 85 (0)                    ; 0           ; 0          ; 0            ; 0       ; 0         ; 36   ; 0            ; 0          ; |term_project                                                                                                 ; term_project   ; work         ;
;    |alu:comb_9|                                 ; 27 (4)              ; 26 (0)                    ; 0           ; 0          ; 0            ; 0       ; 0         ; 0    ; 0            ; 0          ; |term_project|alu:comb_9                                                                                      ; alu            ; work         ;
;       |register:r_a|                            ; 0 (0)               ; 8 (8)                     ; 0           ; 0          ; 0            ; 0       ; 0         ; 0    ; 0            ; 0          ; |term_project|alu:comb_9|register:r_a                                                                         ; register       ; work         ;
;       |register:r_b|                            ; 0 (0)               ; 8 (8)                     ; 0           ; 0          ; 0            ; 0       ; 0         ; 0    ; 0            ; 0          ; |term_project|alu:comb_9|register:r_b                                                                         ; register       ; work         ;
;       |register:r_cc|                           ; 0 (0)               ; 2 (2)                     ; 0           ; 0          ; 0            ; 0       ; 0         ; 0    ; 0            ; 0          ; |term_project|alu:comb_9|register:r_cc                                                                        ; register       ; work         ;
;       |register:r_r|                            ; 0 (0)               ; 8 (8)                     ; 0           ; 0          ; 0            ; 0       ; 0         ; 0    ; 0            ; 0          ; |term_project|alu:comb_9|register:r_r                                                                         ; register       ; work         ;
;       |ripple_addsub:adder|                     ; 23 (4)              ; 0 (0)                     ; 0           ; 0          ; 0            ; 0       ; 0         ; 0    ; 0            ; 0          ; |term_project|alu:comb_9|ripple_addsub:adder                                                                  ; ripple_addsub  ; work         ;
;          |fulladder:fa0|                        ; 2 (2)               ; 0 (0)                     ; 0           ; 0          ; 0            ; 0       ; 0         ; 0    ; 0            ; 0          ; |term_project|alu:comb_9|ripple_addsub:adder|fulladder:fa0                                                    ; fulladder      ; work         ;
;          |fulladder:fa1|                        ; 2 (2)               ; 0 (0)                     ; 0           ; 0          ; 0            ; 0       ; 0         ; 0    ; 0            ; 0          ; |term_project|alu:comb_9|ripple_addsub:adder|fulladder:fa1                                                    ; fulladder      ; work         ;
;          |fulladder:fa2|                        ; 1 (1)               ; 0 (0)                     ; 0           ; 0          ; 0            ; 0       ; 0         ; 0    ; 0            ; 0          ; |term_project|alu:comb_9|ripple_addsub:adder|fulladder:fa2                                                    ; fulladder      ; work         ;
;          |fulladder:fa3|                        ; 5 (5)               ; 0 (0)                     ; 0           ; 0          ; 0            ; 0       ; 0         ; 0    ; 0            ; 0          ; |term_project|alu:comb_9|ripple_addsub:adder|fulladder:fa3                                                    ; fulladder      ; work         ;
;          |fulladder:fa4|                        ; 2 (2)               ; 0 (0)                     ; 0           ; 0          ; 0            ; 0       ; 0         ; 0    ; 0            ; 0          ; |term_project|alu:comb_9|ripple_addsub:adder|fulladder:fa4                                                    ; fulladder      ; work         ;
;          |fulladder:fa5|                        ; 1 (1)               ; 0 (0)                     ; 0           ; 0          ; 0            ; 0       ; 0         ; 0    ; 0            ; 0          ; |term_project|alu:comb_9|ripple_addsub:adder|fulladder:fa5                                                    ; fulladder      ; work         ;
;          |fulladder:fa6|                        ; 5 (5)               ; 0 (0)                     ; 0           ; 0          ; 0            ; 0       ; 0         ; 0    ; 0            ; 0          ; |term_project|alu:comb_9|ripple_addsub:adder|fulladder:fa6                                                    ; fulladder      ; work         ;
;          |fulladder:fa7|                        ; 1 (1)               ; 0 (0)                     ; 0           ; 0          ; 0            ; 0       ; 0         ; 0    ; 0            ; 0          ; |term_project|alu:comb_9|ripple_addsub:adder|fulladder:fa7                                                    ; fulladder      ; work         ;
;    |control_unit:comb_6|                        ; 21 (21)             ; 7 (7)                     ; 0           ; 0          ; 0            ; 0       ; 0         ; 0    ; 0            ; 0          ; |term_project|control_unit:comb_6                                                                             ; control_unit   ; work         ;
;    |input_unit:comb_7|                          ; 144 (6)             ; 52 (0)                    ; 0           ; 0          ; 0            ; 0       ; 0         ; 0    ; 0            ; 0          ; |term_project|input_unit:comb_7                                                                               ; input_unit     ; work         ;
;       |bcd2binary_sm:comb_4|                    ; 22 (19)             ; 0 (0)                     ; 0           ; 0          ; 0            ; 0       ; 0         ; 0    ; 0            ; 0          ; |term_project|input_unit:comb_7|bcd2binary_sm:comb_4                                                          ; bcd2binary_sm  ; work         ;
;          |lpm_mult:Mult0|                       ; 3 (0)               ; 0 (0)                     ; 0           ; 0          ; 0            ; 0       ; 0         ; 0    ; 0            ; 0          ; |term_project|input_unit:comb_7|bcd2binary_sm:comb_4|lpm_mult:Mult0                                           ; lpm_mult       ; work         ;
;             |multcore:mult_core|                ; 3 (3)               ; 0 (0)                     ; 0           ; 0          ; 0            ; 0       ; 0         ; 0    ; 0            ; 0          ; |term_project|input_unit:comb_7|bcd2binary_sm:comb_4|lpm_mult:Mult0|multcore:mult_core                        ; multcore       ; work         ;
;       |keypad_input:comb_3|                     ; 107 (0)             ; 52 (0)                    ; 0           ; 0          ; 0            ; 0       ; 0         ; 0    ; 0            ; 0          ; |term_project|input_unit:comb_7|keypad_input:comb_3                                                           ; keypad_input   ; work         ;
;          |keypad_base:keypad_base|              ; 99 (2)              ; 35 (0)                    ; 0           ; 0          ; 0            ; 0       ; 0         ; 0    ; 0            ; 0          ; |term_project|input_unit:comb_7|keypad_input:comb_3|keypad_base:keypad_base                                   ; keypad_base    ; work         ;
;             |keypad_decoder:keypad_key_decoder| ; 37 (37)             ; 0 (0)                     ; 0           ; 0          ; 0            ; 0       ; 0         ; 0    ; 0            ; 0          ; |term_project|input_unit:comb_7|keypad_input:comb_3|keypad_base:keypad_base|keypad_decoder:keypad_key_decoder ; keypad_decoder ; work         ;
;             |keypad_fsm:keypad_fsm|             ; 17 (17)             ; 8 (8)                     ; 0           ; 0          ; 0            ; 0       ; 0         ; 0    ; 0            ; 0          ; |term_project|input_unit:comb_7|keypad_input:comb_3|keypad_base:keypad_base|keypad_fsm:keypad_fsm             ; keypad_fsm     ; work         ;
;             |nclk:keypad_clock_divider|         ; 43 (43)             ; 27 (27)                   ; 0           ; 0          ; 0            ; 0       ; 0         ; 0    ; 0            ; 0          ; |term_project|input_unit:comb_7|keypad_input:comb_3|keypad_base:keypad_base|nclk:keypad_clock_divider         ; nclk           ; work         ;
;          |shift_reg:shift_reg|                  ; 8 (8)               ; 17 (17)                   ; 0           ; 0          ; 0            ; 0       ; 0         ; 0    ; 0            ; 0          ; |term_project|input_unit:comb_7|keypad_input:comb_3|shift_reg:shift_reg                                       ; shift_reg      ; work         ;
;       |sm2signed:comb_5|                        ; 9 (9)               ; 0 (0)                     ; 0           ; 0          ; 0            ; 0       ; 0         ; 0    ; 0            ; 0          ; |term_project|input_unit:comb_7|sm2signed:comb_5                                                              ; sm2signed      ; work         ;
;    |mux:comb_8|                                 ; 8 (8)               ; 0 (0)                     ; 0           ; 0          ; 0            ; 0       ; 0         ; 0    ; 0            ; 0          ; |term_project|mux:comb_8                                                                                      ; mux            ; work         ;
;    |output_unit:comb_10|                        ; 69 (21)             ; 0 (0)                     ; 0           ; 0          ; 0            ; 0       ; 0         ; 0    ; 0            ; 0          ; |term_project|output_unit:comb_10                                                                             ; output_unit    ; work         ;
;       |bcd2seven:comb_4|                        ; 7 (7)               ; 0 (0)                     ; 0           ; 0          ; 0            ; 0       ; 0         ; 0    ; 0            ; 0          ; |term_project|output_unit:comb_10|bcd2seven:comb_4                                                            ; bcd2seven      ; work         ;
;       |bcd2seven:comb_5|                        ; 7 (7)               ; 0 (0)                     ; 0           ; 0          ; 0            ; 0       ; 0         ; 0    ; 0            ; 0          ; |term_project|output_unit:comb_10|bcd2seven:comb_5                                                            ; bcd2seven      ; work         ;
;       |bcd2seven:comb_6|                        ; 2 (2)               ; 0 (0)                     ; 0           ; 0          ; 0            ; 0       ; 0         ; 0    ; 0            ; 0          ; |term_project|output_unit:comb_10|bcd2seven:comb_6                                                            ; bcd2seven      ; work         ;
;       |binary2bcd:comb_3|                       ; 32 (0)              ; 0 (0)                     ; 0           ; 0          ; 0            ; 0       ; 0         ; 0    ; 0            ; 0          ; |term_project|output_unit:comb_10|binary2bcd:comb_3                                                           ; binary2bcd     ; work         ;
;          |add3:m1|                              ; 1 (1)               ; 0 (0)                     ; 0           ; 0          ; 0            ; 0       ; 0         ; 0    ; 0            ; 0          ; |term_project|output_unit:comb_10|binary2bcd:comb_3|add3:m1                                                   ; add3           ; work         ;
;          |add3:m2|                              ; 8 (8)               ; 0 (0)                     ; 0           ; 0          ; 0            ; 0       ; 0         ; 0    ; 0            ; 0          ; |term_project|output_unit:comb_10|binary2bcd:comb_3|add3:m2                                                   ; add3           ; work         ;
;          |add3:m3|                              ; 4 (4)               ; 0 (0)                     ; 0           ; 0          ; 0            ; 0       ; 0         ; 0    ; 0            ; 0          ; |term_project|output_unit:comb_10|binary2bcd:comb_3|add3:m3                                                   ; add3           ; work         ;
;          |add3:m4|                              ; 4 (4)               ; 0 (0)                     ; 0           ; 0          ; 0            ; 0       ; 0         ; 0    ; 0            ; 0          ; |term_project|output_unit:comb_10|binary2bcd:comb_3|add3:m4                                                   ; add3           ; work         ;
;          |add3:m5|                              ; 4 (4)               ; 0 (0)                     ; 0           ; 0          ; 0            ; 0       ; 0         ; 0    ; 0            ; 0          ; |term_project|output_unit:comb_10|binary2bcd:comb_3|add3:m5                                                   ; add3           ; work         ;
;          |add3:m6|                              ; 1 (1)               ; 0 (0)                     ; 0           ; 0          ; 0            ; 0       ; 0         ; 0    ; 0            ; 0          ; |term_project|output_unit:comb_10|binary2bcd:comb_3|add3:m6                                                   ; add3           ; work         ;
;          |add3:m7|                              ; 10 (10)             ; 0 (0)                     ; 0           ; 0          ; 0            ; 0       ; 0         ; 0    ; 0            ; 0          ; |term_project|output_unit:comb_10|binary2bcd:comb_3|add3:m7                                                   ; add3           ; work         ;
+-------------------------------------------------+---------------------+---------------------------+-------------+------------+--------------+---------+-----------+------+--------------+------------+---------------------------------------------------------------------------------------------------------------+----------------+--------------+
Note: For table entries with two numbers listed, the numbers in parentheses indicate the number of resources of the given type used by the specific entity alone. The numbers listed outside of parentheses indicate the total resources of the given type used by the specific entity and all of its sub-entities in the hierarchy.


Encoding Type:  One-Hot
+----------------------------------------------------------------------------+
; State Machine - |term_project|control_unit:comb_6|state                    ;
+----------+----------+----------+----------+----------+----------+----------+
; Name     ; state.S5 ; state.S4 ; state.S2 ; state.S3 ; state.S1 ; state.S0 ;
+----------+----------+----------+----------+----------+----------+----------+
; state.S0 ; 0        ; 0        ; 0        ; 0        ; 0        ; 0        ;
; state.S1 ; 0        ; 0        ; 0        ; 0        ; 1        ; 1        ;
; state.S3 ; 0        ; 0        ; 0        ; 1        ; 0        ; 1        ;
; state.S2 ; 0        ; 0        ; 1        ; 0        ; 0        ; 1        ;
; state.S4 ; 0        ; 1        ; 0        ; 0        ; 0        ; 1        ;
; state.S5 ; 1        ; 0        ; 0        ; 0        ; 0        ; 1        ;
+----------+----------+----------+----------+----------+----------+----------+


+------------------------------------------------------------+
; Registers Removed During Synthesis                         ;
+---------------------------------------+--------------------+
; Register name                         ; Reason for Removal ;
+---------------------------------------+--------------------+
; control_unit:comb_6|state~6           ; Lost fanout        ;
; control_unit:comb_6|state~7           ; Lost fanout        ;
; control_unit:comb_6|state~8           ; Lost fanout        ;
; Total Number of Removed Registers = 3 ;                    ;
+---------------------------------------+--------------------+


+------------------------------------------------------+
; General Register Statistics                          ;
+----------------------------------------------+-------+
; Statistic                                    ; Value ;
+----------------------------------------------+-------+
; Total registers                              ; 85    ;
; Number of registers using Synchronous Clear  ; 3     ;
; Number of registers using Synchronous Load   ; 0     ;
; Number of registers using Asynchronous Clear ; 43    ;
; Number of registers using Asynchronous Load  ; 0     ;
; Number of registers using Clock Enable       ; 23    ;
; Number of registers using Preset             ; 0     ;
+----------------------------------------------+-------+


+------------------------------------------------------------------------------------------------------------------------------------------------------------------------------------------------------------------------+
; Multiplexer Restructuring Statistics (Restructuring Performed)                                                                                                                                                         ;
+--------------------+-----------+---------------+----------------------+------------------------+------------+----------------------------------------------------------------------------------------------------------+
; Multiplexer Inputs ; Bus Width ; Baseline Area ; Area if Restructured ; Saving if Restructured ; Registered ; Example Multiplexer Output                                                                               ;
+--------------------+-----------+---------------+----------------------+------------------------+------------+----------------------------------------------------------------------------------------------------------+
; 3:1                ; 4 bits    ; 8 LEs         ; 4 LEs                ; 4 LEs                  ; Yes        ; |term_project|input_unit:comb_7|keypad_input:comb_3|shift_reg:shift_reg|out[14]                          ;
; 16:1               ; 4 bits    ; 40 LEs        ; 12 LEs               ; 28 LEs                 ; Yes        ; |term_project|input_unit:comb_7|keypad_input:comb_3|keypad_base:keypad_base|keypad_fsm:keypad_fsm|col[3] ;
; 12:1               ; 3 bits    ; 24 LEs        ; 12 LEs               ; 12 LEs                 ; No         ; |term_project|control_unit:comb_6|state                                                                  ;
+--------------------+-----------+---------------+----------------------+------------------------+------------+----------------------------------------------------------------------------------------------------------+


+------------------------------------------------------------------+
; Parameter Settings for User Entity Instance: control_unit:comb_6 ;
+----------------+-------+-----------------------------------------+
; Parameter Name ; Value ; Type                                    ;
+----------------+-------+-----------------------------------------+
; S0             ; 000   ; Unsigned Binary                         ;
; S1             ; 001   ; Unsigned Binary                         ;
; S2             ; 011   ; Unsigned Binary                         ;
; S3             ; 010   ; Unsigned Binary                         ;
; S4             ; 110   ; Unsigned Binary                         ;
; S5             ; 111   ; Unsigned Binary                         ;
+----------------+-------+-----------------------------------------+
Note: In order to hide this table in the UI and the text report file, please set the "Show Parameter Settings in Synthesis Report" option in "Analysis and Synthesis Settings -> More Settings" to "Off".


+------------------------------------------------------------------------------------+
; Parameter Settings for User Entity Instance: input_unit:comb_7|keypad_input:comb_3 ;
+----------------+-------+-----------------------------------------------------------+
; Parameter Name ; Value ; Type                                                      ;
+----------------+-------+-----------------------------------------------------------+
; DIGITS         ; 4     ; Signed Integer                                            ;
+----------------+-------+-----------------------------------------------------------+
Note: In order to hide this table in the UI and the text report file, please set the "Show Parameter Settings in Synthesis Report" option in "Analysis and Synthesis Settings -> More Settings" to "Off".


+--------------------------------------------------------------------------------------------------------------------------------------+
; Parameter Settings for User Entity Instance: input_unit:comb_7|keypad_input:comb_3|keypad_base:keypad_base|nclk:keypad_clock_divider ;
+----------------+----------+----------------------------------------------------------------------------------------------------------+
; Parameter Name ; Value    ; Type                                                                                                     ;
+----------------+----------+----------------------------------------------------------------------------------------------------------+
; f              ; 100      ; Signed Integer                                                                                           ;
; inputhz        ; 50000000 ; Signed Integer                                                                                           ;
+----------------+----------+----------------------------------------------------------------------------------------------------------+
Note: In order to hide this table in the UI and the text report file, please set the "Show Parameter Settings in Synthesis Report" option in "Analysis and Synthesis Settings -> More Settings" to "Off".


+----------------------------------------------------------------------------------------------------------------------------------------------+
; Parameter Settings for User Entity Instance: input_unit:comb_7|keypad_input:comb_3|keypad_base:keypad_base|keypad_decoder:keypad_key_decoder ;
+----------------+-------+---------------------------------------------------------------------------------------------------------------------+
; Parameter Name ; Value ; Type                                                                                                                ;
+----------------+-------+---------------------------------------------------------------------------------------------------------------------+
; BASE           ; 10    ; Signed Integer                                                                                                      ;
+----------------+-------+---------------------------------------------------------------------------------------------------------------------+
Note: In order to hide this table in the UI and the text report file, please set the "Show Parameter Settings in Synthesis Report" option in "Analysis and Synthesis Settings -> More Settings" to "Off".


+--------------------------------------------------------------------------------------------------------+
; Parameter Settings for User Entity Instance: input_unit:comb_7|keypad_input:comb_3|shift_reg:shift_reg ;
+----------------+-------+-------------------------------------------------------------------------------+
; Parameter Name ; Value ; Type                                                                          ;
+----------------+-------+-------------------------------------------------------------------------------+
; COUNT          ; 4     ; Signed Integer                                                                ;
; WIDTH          ; 4     ; Signed Integer                                                                ;
+----------------+-------+-------------------------------------------------------------------------------+
Note: In order to hide this table in the UI and the text report file, please set the "Show Parameter Settings in Synthesis Report" option in "Analysis and Synthesis Settings -> More Settings" to "Off".


+-------------------------------------------------------------------------------------+
; Parameter Settings for User Entity Instance: input_unit:comb_7|bcd2binary_sm:comb_4 ;
+----------------+-------+------------------------------------------------------------+
; Parameter Name ; Value ; Type                                                       ;
+----------------+-------+------------------------------------------------------------+
; N              ; 8     ; Signed Integer                                             ;
+----------------+-------+------------------------------------------------------------+
Note: In order to hide this table in the UI and the text report file, please set the "Show Parameter Settings in Synthesis Report" option in "Analysis and Synthesis Settings -> More Settings" to "Off".


+----------------------------------------------------------------------+
; Parameter Settings for User Entity Instance: alu:comb_9|register:r_a ;
+----------------+-------+---------------------------------------------+
; Parameter Name ; Value ; Type                                        ;
+----------------+-------+---------------------------------------------+
; WIDTH          ; 8     ; Signed Integer                              ;
+----------------+-------+---------------------------------------------+
Note: In order to hide this table in the UI and the text report file, please set the "Show Parameter Settings in Synthesis Report" option in "Analysis and Synthesis Settings -> More Settings" to "Off".


+----------------------------------------------------------------------+
; Parameter Settings for User Entity Instance: alu:comb_9|register:r_b ;
+----------------+-------+---------------------------------------------+
; Parameter Name ; Value ; Type                                        ;
+----------------+-------+---------------------------------------------+
; WIDTH          ; 8     ; Signed Integer                              ;
+----------------+-------+---------------------------------------------+
Note: In order to hide this table in the UI and the text report file, please set the "Show Parameter Settings in Synthesis Report" option in "Analysis and Synthesis Settings -> More Settings" to "Off".


+----------------------------------------------------------------------+
; Parameter Settings for User Entity Instance: alu:comb_9|register:r_r ;
+----------------+-------+---------------------------------------------+
; Parameter Name ; Value ; Type                                        ;
+----------------+-------+---------------------------------------------+
; WIDTH          ; 8     ; Signed Integer                              ;
+----------------+-------+---------------------------------------------+
Note: In order to hide this table in the UI and the text report file, please set the "Show Parameter Settings in Synthesis Report" option in "Analysis and Synthesis Settings -> More Settings" to "Off".


+-----------------------------------------------------------------------+
; Parameter Settings for User Entity Instance: alu:comb_9|register:r_cc ;
+----------------+-------+----------------------------------------------+
; Parameter Name ; Value ; Type                                         ;
+----------------+-------+----------------------------------------------+
; WIDTH          ; 8     ; Signed Integer                               ;
+----------------+-------+----------------------------------------------+
Note: In order to hide this table in the UI and the text report file, please set the "Show Parameter Settings in Synthesis Report" option in "Analysis and Synthesis Settings -> More Settings" to "Off".


+-----------------------------------------------------------------------------+
; Parameter Settings for User Entity Instance: alu:comb_9|ripple_addsub:adder ;
+----------------+-------+----------------------------------------------------+
; Parameter Name ; Value ; Type                                               ;
+----------------+-------+----------------------------------------------------+
; WIDTH          ; 8     ; Signed Integer                                     ;
+----------------+-------+----------------------------------------------------+
Note: In order to hide this table in the UI and the text report file, please set the "Show Parameter Settings in Synthesis Report" option in "Analysis and Synthesis Settings -> More Settings" to "Off".


+--------------------------------------------------------------------------------------------------------+
; Parameter Settings for Inferred Entity Instance: input_unit:comb_7|bcd2binary_sm:comb_4|lpm_mult:Mult0 ;
+------------------------------------------------+----------+--------------------------------------------+
; Parameter Name                                 ; Value    ; Type                                       ;
+------------------------------------------------+----------+--------------------------------------------+
; AUTO_CARRY_CHAINS                              ; ON       ; AUTO_CARRY                                 ;
; IGNORE_CARRY_BUFFERS                           ; OFF      ; IGNORE_CARRY                               ;
; AUTO_CASCADE_CHAINS                            ; ON       ; AUTO_CASCADE                               ;
; IGNORE_CASCADE_BUFFERS                         ; OFF      ; IGNORE_CASCADE                             ;
; LPM_WIDTHA                                     ; 4        ; Untyped                                    ;
; LPM_WIDTHB                                     ; 7        ; Untyped                                    ;
; LPM_WIDTHP                                     ; 11       ; Untyped                                    ;
; LPM_WIDTHR                                     ; 11       ; Untyped                                    ;
; LPM_WIDTHS                                     ; 1        ; Untyped                                    ;
; LPM_REPRESENTATION                             ; UNSIGNED ; Untyped                                    ;
; LPM_PIPELINE                                   ; 0        ; Untyped                                    ;
; LATENCY                                        ; 0        ; Untyped                                    ;
; INPUT_A_IS_CONSTANT                            ; NO       ; Untyped                                    ;
; INPUT_B_IS_CONSTANT                            ; YES      ; Untyped                                    ;
; USE_EAB                                        ; OFF      ; Untyped                                    ;
; MAXIMIZE_SPEED                                 ; 5        ; Untyped                                    ;
; DEVICE_FAMILY                                  ; MAX 10   ; Untyped                                    ;
; CARRY_CHAIN                                    ; MANUAL   ; Untyped                                    ;
; APEX20K_TECHNOLOGY_MAPPER                      ; LUT      ; TECH_MAPPER_APEX20K                        ;
; DEDICATED_MULTIPLIER_CIRCUITRY                 ; AUTO     ; Untyped                                    ;
; DEDICATED_MULTIPLIER_MIN_INPUT_WIDTH_FOR_AUTO  ; 0        ; Untyped                                    ;
; DEDICATED_MULTIPLIER_MIN_OUTPUT_WIDTH_FOR_AUTO ; 0        ; Untyped                                    ;
; CBXI_PARAMETER                                 ; NOTHING  ; Untyped                                    ;
; INPUT_A_FIXED_VALUE                            ; Bx       ; Untyped                                    ;
; INPUT_B_FIXED_VALUE                            ; Bx       ; Untyped                                    ;
; USE_AHDL_IMPLEMENTATION                        ; OFF      ; Untyped                                    ;
+------------------------------------------------+----------+--------------------------------------------+
Note: In order to hide this table in the UI and the text report file, please set the "Show Parameter Settings in Synthesis Report" option in "Analysis and Synthesis Settings -> More Settings" to "Off".


+-----------------------------------------------------------------------------------------------+
; lpm_mult Parameter Settings by Entity Instance                                                ;
+---------------------------------------+-------------------------------------------------------+
; Name                                  ; Value                                                 ;
+---------------------------------------+-------------------------------------------------------+
; Number of entity instances            ; 1                                                     ;
; Entity Instance                       ; input_unit:comb_7|bcd2binary_sm:comb_4|lpm_mult:Mult0 ;
;     -- LPM_WIDTHA                     ; 4                                                     ;
;     -- LPM_WIDTHB                     ; 7                                                     ;
;     -- LPM_WIDTHP                     ; 11                                                    ;
;     -- LPM_REPRESENTATION             ; UNSIGNED                                              ;
;     -- INPUT_A_IS_CONSTANT            ; NO                                                    ;
;     -- INPUT_B_IS_CONSTANT            ; YES                                                   ;
;     -- USE_EAB                        ; OFF                                                   ;
;     -- DEDICATED_MULTIPLIER_CIRCUITRY ; AUTO                                                  ;
;     -- INPUT_A_FIXED_VALUE            ; Bx                                                    ;
;     -- INPUT_B_FIXED_VALUE            ; Bx                                                    ;
+---------------------------------------+-------------------------------------------------------+


+------------------------------------------------------------------+
; Port Connectivity Checks: "output_unit:comb_10|bcd2seven:comb_6" ;
+-------+-------+----------+---------------------------------------+
; Port  ; Type  ; Severity ; Details                               ;
+-------+-------+----------+---------------------------------------+
; in[2] ; Input ; Info     ; Stuck at GND                          ;
+-------+-------+----------+---------------------------------------+


+---------------------------------------------------------------------------+
; Port Connectivity Checks: "output_unit:comb_10|binary2bcd:comb_3|add3:m6" ;
+-------+-------+----------+------------------------------------------------+
; Port  ; Type  ; Severity ; Details                                        ;
+-------+-------+----------+------------------------------------------------+
; in[3] ; Input ; Info     ; Stuck at GND                                   ;
+-------+-------+----------+------------------------------------------------+


+---------------------------------------------------------------------------+
; Port Connectivity Checks: "output_unit:comb_10|binary2bcd:comb_3|add3:m1" ;
+-------+-------+----------+------------------------------------------------+
; Port  ; Type  ; Severity ; Details                                        ;
+-------+-------+----------+------------------------------------------------+
; in[3] ; Input ; Info     ; Stuck at GND                                   ;
+-------+-------+----------+------------------------------------------------+


+----------------------------------------------------------------------------------------------------------------------+
; Port Connectivity Checks: "alu:comb_9|ripple_addsub:adder"                                                           ;
+------------+--------+----------+-------------------------------------------------------------------------------------+
; Port       ; Type   ; Severity ; Details                                                                             ;
+------------+--------+----------+-------------------------------------------------------------------------------------+
; cout[5..0] ; Output ; Info     ; Connected to dangling logic. Logic that only feeds a dangling port will be removed. ;
+------------+--------+----------+-------------------------------------------------------------------------------------+


+-----------------------------------------------------------------------------------------------------------------------------------------------------------------------+
; Port Connectivity Checks: "alu:comb_9|register:r_cc"                                                                                                                  ;
+------+--------+----------+--------------------------------------------------------------------------------------------------------------------------------------------+
; Port ; Type   ; Severity ; Details                                                                                                                                    ;
+------+--------+----------+--------------------------------------------------------------------------------------------------------------------------------------------+
; in   ; Input  ; Warning  ; Input port expression (4 bits) is smaller than the input port (8 bits) it drives.  Extra input bit(s) "in[7..4]" will be connected to GND. ;
; out  ; Output ; Warning  ; Output or bidir port (8 bits) is wider than the port expression (4 bits) it drives; bit(s) "out[7..4]" have no fanouts                     ;
+------+--------+----------+--------------------------------------------------------------------------------------------------------------------------------------------+


+--------------------------------------------------------------------------------------------------------------------+
; Port Connectivity Checks: "alu:comb_9"                                                                             ;
+----------+--------+----------+-------------------------------------------------------------------------------------+
; Port     ; Type   ; Severity ; Details                                                                             ;
+----------+--------+----------+-------------------------------------------------------------------------------------+
; flags[3] ; Output ; Info     ; Connected to dangling logic. Logic that only feeds a dangling port will be removed. ;
; flags[1] ; Output ; Info     ; Connected to dangling logic. Logic that only feeds a dangling port will be removed. ;
+----------+--------+----------+-------------------------------------------------------------------------------------+


+------------------------------------------------------------------------------------------------------------------------------------------------------------------------+
; Port Connectivity Checks: "input_unit:comb_7|keypad_input:comb_3|shift_reg:shift_reg"                                                                                  ;
+------+-------+----------+----------------------------------------------------------------------------------------------------------------------------------------------+
; Port ; Type  ; Severity ; Details                                                                                                                                      ;
+------+-------+----------+----------------------------------------------------------------------------------------------------------------------------------------------+
; dir  ; Input ; Warning  ; Declared by entity but not connected by instance. If a default value exists, it will be used.  Otherwise, the port will be connected to GND. ;
+------+-------+----------+----------------------------------------------------------------------------------------------------------------------------------------------+


+--------------------------------------------------------------------------------------------------------------------------------------+
; Port Connectivity Checks: "input_unit:comb_7|keypad_input:comb_3|keypad_base:keypad_base|keypad_fsm:keypad_fsm"                      ;
+-------+--------+----------+----------------------------------------------------------------------------------------------------------+
; Port  ; Type   ; Severity ; Details                                                                                                  ;
+-------+--------+----------+----------------------------------------------------------------------------------------------------------+
; state ; Output ; Warning  ; Declared by entity but not connected by instance. Logic that only feeds a dangling port will be removed. ;
; trig  ; Output ; Warning  ; Declared by entity but not connected by instance. Logic that only feeds a dangling port will be removed. ;
+-------+--------+----------+----------------------------------------------------------------------------------------------------------+


+--------------------------------------------------------------------------------------------------------------------------------------------+
; Port Connectivity Checks: "input_unit:comb_7|keypad_input:comb_3|keypad_base:keypad_base"                                                  ;
+-------------+--------+----------+----------------------------------------------------------------------------------------------------------+
; Port        ; Type   ; Severity ; Details                                                                                                  ;
+-------------+--------+----------+----------------------------------------------------------------------------------------------------------+
; slow_clock  ; Output ; Warning  ; Declared by entity but not connected by instance. Logic that only feeds a dangling port will be removed. ;
; sense       ; Output ; Warning  ; Declared by entity but not connected by instance. Logic that only feeds a dangling port will be removed. ;
; valid_digit ; Output ; Warning  ; Declared by entity but not connected by instance. Logic that only feeds a dangling port will be removed. ;
; inv_row     ; Output ; Warning  ; Declared by entity but not connected by instance. Logic that only feeds a dangling port will be removed. ;
+-------------+--------+----------+----------------------------------------------------------------------------------------------------------+


+-----------------------------------------------------+
; Post-Synthesis Netlist Statistics for Top Partition ;
+-----------------------+-----------------------------+
; Type                  ; Count                       ;
+-----------------------+-----------------------------+
; boundary_port         ; 36                          ;
; cycloneiii_ff         ; 85                          ;
;     CLR               ; 26                          ;
;     ENA               ; 4                           ;
;     ENA CLR           ; 17                          ;
;     ENA SCLR          ; 2                           ;
;     SCLR              ; 1                           ;
;     plain             ; 35                          ;
; cycloneiii_lcell_comb ; 275                         ;
;     arith             ; 50                          ;
;         2 data inputs ; 35                          ;
;         3 data inputs ; 15                          ;
;     normal            ; 225                         ;
;         0 data inputs ; 1                           ;
;         1 data inputs ; 9                           ;
;         2 data inputs ; 29                          ;
;         3 data inputs ; 62                          ;
;         4 data inputs ; 124                         ;
;                       ;                             ;
; Max LUT depth         ; 19.70                       ;
; Average LUT depth     ; 9.94                        ;
+-----------------------+-----------------------------+


+-------------------------------+
; Elapsed Time Per Partition    ;
+----------------+--------------+
; Partition Name ; Elapsed Time ;
+----------------+--------------+
; Top            ; 00:00:01     ;
+----------------+--------------+


+-------------------------------+
; Analysis & Synthesis Messages ;
+-------------------------------+
Info: *******************************************************************
Info: Running Quartus Prime Analysis & Synthesis
    Info: Version 20.1.1 Build 720 11/11/2020 SJ Lite Edition
    Info: Processing started: Tue Dec 03 18:19:07 2024
Info: Command: quartus_map --read_settings_files=on --write_settings_files=off term_project -c term_project
Warning (18236): Number of processors has not been specified which may cause overloading on shared machines.  Set the global assignment NUM_PARALLEL_PROCESSORS in your QSF to an appropriate value for best performance.
Info (20030): Parallel compilation is enabled and will use 4 of the 4 processors detected
Info (12021): Found 1 design units, including 1 entities, in source file /users/axa9763/desktop/current/lab10/add3.v
    Info (12023): Found entity 1: add3 File: C:/Users/axa9763/Desktop/current/lab10/add3.v Line: 1
Info (12021): Found 1 design units, including 1 entities, in source file /users/axa9763/desktop/current/lab10/bcd2seven.v
    Info (12023): Found entity 1: bcd2seven File: C:/Users/axa9763/Desktop/current/lab10/bcd2seven.v Line: 1
Info (12021): Found 1 design units, including 1 entities, in source file /users/axa9763/desktop/current/lab10/binary2bcd.v
    Info (12023): Found entity 1: binary2bcd File: C:/Users/axa9763/Desktop/current/lab10/binary2bcd.v Line: 1
Info (12021): Found 1 design units, including 1 entities, in source file /users/axa9763/desktop/current/lab7/bin_to_seven.sv
    Info (12023): Found entity 1: bin_to_seven File: C:/Users/axa9763/Desktop/current/lab7/bin_to_seven.sv Line: 1
Info (12021): Found 1 design units, including 1 entities, in source file /users/axa9763/desktop/current/lab7/fulladder.sv
    Info (12023): Found entity 1: fulladder File: C:/Users/axa9763/Desktop/current/lab7/fulladder.sv Line: 1
Info (12021): Found 1 design units, including 1 entities, in source file /users/axa9763/desktop/current/lab7/ripple_adder.sv
    Info (12023): Found entity 1: ripple_addsub File: C:/Users/axa9763/Desktop/current/lab7/ripple_adder.sv Line: 1
Info (12021): Found 1 design units, including 1 entities, in source file /users/axa9763/desktop/current/lab7/register.sv
    Info (12023): Found entity 1: register File: C:/Users/axa9763/Desktop/current/lab7/register.sv Line: 1
Info (12021): Found 1 design units, including 1 entities, in source file /users/axa9763/desktop/current/lab7/lab7_alu.sv
    Info (12023): Found entity 1: alu File: C:/Users/axa9763/Desktop/current/lab7/lab7_alu.sv Line: 1
Info (12021): Found 1 design units, including 1 entities, in source file /users/axa9763/desktop/current/lab9/nclk/nclk.v
    Info (12023): Found entity 1: nclk File: C:/Users/axa9763/Desktop/current/lab9/nclk/nclk.v Line: 1
Info (12021): Found 1 design units, including 1 entities, in source file /users/axa9763/desktop/current/lab11/part1/signed_bcd2bin.v
    Info (12023): Found entity 1: signed_bcd2bin File: C:/Users/axa9763/Desktop/current/lab11/part1/signed_bcd2bin.v Line: 1
Info (12021): Found 1 design units, including 1 entities, in source file /users/axa9763/desktop/current/lab11/part1/sm2signed.v
    Info (12023): Found entity 1: sm2signed File: C:/Users/axa9763/Desktop/current/lab11/part1/sm2signed.v Line: 1
Info (12021): Found 1 design units, including 1 entities, in source file /users/axa9763/desktop/current/lab11/part1/shift_reg.v
    Info (12023): Found entity 1: shift_reg File: C:/Users/axa9763/Desktop/current/lab11/part1/shift_reg.v Line: 1
Info (12021): Found 1 design units, including 1 entities, in source file /users/axa9763/desktop/current/lab11/part1/keypad_scanner.v
    Info (12023): Found entity 1: keypad_scanner File: C:/Users/axa9763/Desktop/current/lab11/part1/keypad_scanner.v Line: 1
Info (12021): Found 1 design units, including 1 entities, in source file /users/axa9763/desktop/current/lab11/part1/keypad_input.v
    Info (12023): Found entity 1: keypad_input File: C:/Users/axa9763/Desktop/current/lab11/part1/keypad_input.v Line: 1
Info (12021): Found 1 design units, including 1 entities, in source file /users/axa9763/desktop/current/lab11/part1/keypad_fsm.v
    Info (12023): Found entity 1: keypad_fsm File: C:/Users/axa9763/Desktop/current/lab11/part1/keypad_fsm.v Line: 1
Info (12021): Found 1 design units, including 1 entities, in source file /users/axa9763/desktop/current/lab11/part1/keypad_decoder.v
    Info (12023): Found entity 1: keypad_decoder File: C:/Users/axa9763/Desktop/current/lab11/part1/keypad_decoder.v Line: 1
Info (12021): Found 1 design units, including 1 entities, in source file /users/axa9763/desktop/current/lab11/part1/bcd2binary_sm.v
    Info (12023): Found entity 1: bcd2binary_sm File: C:/Users/axa9763/Desktop/current/lab11/part1/bcd2binary_sm.v Line: 1
Info (12021): Found 1 design units, including 1 entities, in source file /users/axa9763/desktop/current/lab11/part1/keypad_base.v
    Info (12023): Found entity 1: keypad_base File: C:/Users/axa9763/Desktop/current/lab11/part1/keypad_base.v Line: 1
Info (12021): Found 1 design units, including 1 entities, in source file /users/axa9763/desktop/current/lab9/nclk_switched/nclk_switched.v
    Info (12023): Found entity 1: nclk_switched File: C:/Users/axa9763/Desktop/current/lab9/nclk_switched/nclk_switched.v Line: 1
Info (12021): Found 1 design units, including 1 entities, in source file /users/axa9763/desktop/current/lab10/output_unit.v
    Info (12023): Found entity 1: output_unit File: C:/Users/axa9763/Desktop/current/lab10/output_unit.v Line: 1
Info (12021): Found 1 design units, including 1 entities, in source file /users/axa9763/desktop/current/lab11/part1/input_unit.v
    Info (12023): Found entity 1: input_unit File: C:/Users/axa9763/Desktop/current/lab11/part1/input_unit.v Line: 1
Info (12021): Found 1 design units, including 1 entities, in source file term_project.v
    Info (12023): Found entity 1: term_project File: C:/Users/axa9763/Desktop/current/term_project/term_project.v Line: 1
Warning (12090): Entity "mux" obtained from "mux.v" instead of from Quartus Prime megafunction library File: C:/Users/axa9763/Desktop/current/term_project/mux.v Line: 1
Info (12021): Found 1 design units, including 1 entities, in source file mux.v
    Info (12023): Found entity 1: mux File: C:/Users/axa9763/Desktop/current/term_project/mux.v Line: 1
Info (12021): Found 1 design units, including 1 entities, in source file /users/axa9763/desktop/current/lab12/control_unit.v
    Info (12023): Found entity 1: control_unit File: C:/Users/axa9763/Desktop/current/lab12/control_unit.v Line: 1
Warning (10222): Verilog HDL Parameter Declaration warning at nclk.v(9): Parameter Declaration in module "nclk" behaves as a Local Parameter Declaration because the module has a Module Parameter Port List File: C:/Users/axa9763/Desktop/current/lab9/nclk/nclk.v Line: 9
Critical Warning (10846): Verilog HDL Instantiation warning at keypad_scanner.v(12): instance has no name File: C:/Users/axa9763/Desktop/current/lab11/part1/keypad_scanner.v Line: 12
Warning (10222): Verilog HDL Parameter Declaration warning at nclk_switched.v(9): Parameter Declaration in module "nclk_switched" behaves as a Local Parameter Declaration because the module has a Module Parameter Port List File: C:/Users/axa9763/Desktop/current/lab9/nclk_switched/nclk_switched.v Line: 9
Critical Warning (10846): Verilog HDL Instantiation warning at output_unit.v(20): instance has no name File: C:/Users/axa9763/Desktop/current/lab10/output_unit.v Line: 20
Critical Warning (10846): Verilog HDL Instantiation warning at output_unit.v(23): instance has no name File: C:/Users/axa9763/Desktop/current/lab10/output_unit.v Line: 23
Critical Warning (10846): Verilog HDL Instantiation warning at output_unit.v(24): instance has no name File: C:/Users/axa9763/Desktop/current/lab10/output_unit.v Line: 24
Critical Warning (10846): Verilog HDL Instantiation warning at output_unit.v(25): instance has no name File: C:/Users/axa9763/Desktop/current/lab10/output_unit.v Line: 25
Critical Warning (10846): Verilog HDL Instantiation warning at input_unit.v(17): instance has no name File: C:/Users/axa9763/Desktop/current/lab11/part1/input_unit.v Line: 17
Critical Warning (10846): Verilog HDL Instantiation warning at input_unit.v(20): instance has no name File: C:/Users/axa9763/Desktop/current/lab11/part1/input_unit.v Line: 20
Critical Warning (10846): Verilog HDL Instantiation warning at input_unit.v(21): instance has no name File: C:/Users/axa9763/Desktop/current/lab11/part1/input_unit.v Line: 21
Critical Warning (10846): Verilog HDL Instantiation warning at term_project.v(38): instance has no name File: C:/Users/axa9763/Desktop/current/term_project/term_project.v Line: 38
Critical Warning (10846): Verilog HDL Instantiation warning at term_project.v(42): instance has no name File: C:/Users/axa9763/Desktop/current/term_project/term_project.v Line: 42
Critical Warning (10846): Verilog HDL Instantiation warning at term_project.v(45): instance has no name File: C:/Users/axa9763/Desktop/current/term_project/term_project.v Line: 45
Critical Warning (10846): Verilog HDL Instantiation warning at term_project.v(49): instance has no name File: C:/Users/axa9763/Desktop/current/term_project/term_project.v Line: 49
Critical Warning (10846): Verilog HDL Instantiation warning at term_project.v(52): instance has no name File: C:/Users/axa9763/Desktop/current/term_project/term_project.v Line: 52
Info (12127): Elaborating entity "term_project" for the top level hierarchy
Info (12128): Elaborating entity "control_unit" for hierarchy "control_unit:comb_6" File: C:/Users/axa9763/Desktop/current/term_project/term_project.v Line: 38
Info (10264): Verilog HDL Case Statement information at control_unit.v(37): all case item expressions in this case statement are onehot File: C:/Users/axa9763/Desktop/current/lab12/control_unit.v Line: 37
Info (12128): Elaborating entity "input_unit" for hierarchy "input_unit:comb_7" File: C:/Users/axa9763/Desktop/current/term_project/term_project.v Line: 42
Info (12128): Elaborating entity "keypad_input" for hierarchy "input_unit:comb_7|keypad_input:comb_3" File: C:/Users/axa9763/Desktop/current/lab11/part1/input_unit.v Line: 17
Info (12128): Elaborating entity "keypad_base" for hierarchy "input_unit:comb_7|keypad_input:comb_3|keypad_base:keypad_base" File: C:/Users/axa9763/Desktop/current/lab11/part1/keypad_input.v Line: 20
Info (12128): Elaborating entity "nclk" for hierarchy "input_unit:comb_7|keypad_input:comb_3|keypad_base:keypad_base|nclk:keypad_clock_divider" File: C:/Users/axa9763/Desktop/current/lab11/part1/keypad_base.v Line: 20
Warning (10230): Verilog HDL assignment warning at nclk.v(16): truncated value with size 32 to match size of target (26) File: C:/Users/axa9763/Desktop/current/lab9/nclk/nclk.v Line: 16
Info (12128): Elaborating entity "keypad_fsm" for hierarchy "input_unit:comb_7|keypad_input:comb_3|keypad_base:keypad_base|keypad_fsm:keypad_fsm" File: C:/Users/axa9763/Desktop/current/lab11/part1/keypad_base.v Line: 27
Info (12128): Elaborating entity "keypad_decoder" for hierarchy "input_unit:comb_7|keypad_input:comb_3|keypad_base:keypad_base|keypad_decoder:keypad_key_decoder" File: C:/Users/axa9763/Desktop/current/lab11/part1/keypad_base.v Line: 34
Info (12128): Elaborating entity "shift_reg" for hierarchy "input_unit:comb_7|keypad_input:comb_3|shift_reg:shift_reg" File: C:/Users/axa9763/Desktop/current/lab11/part1/keypad_input.v Line: 27
Info (12128): Elaborating entity "bcd2binary_sm" for hierarchy "input_unit:comb_7|bcd2binary_sm:comb_4" File: C:/Users/axa9763/Desktop/current/lab11/part1/input_unit.v Line: 20
Info (12128): Elaborating entity "sm2signed" for hierarchy "input_unit:comb_7|sm2signed:comb_5" File: C:/Users/axa9763/Desktop/current/lab11/part1/input_unit.v Line: 21
Warning (10230): Verilog HDL assignment warning at sm2signed.v(8): truncated value with size 32 to match size of target (8) File: C:/Users/axa9763/Desktop/current/lab11/part1/sm2signed.v Line: 8
Info (12128): Elaborating entity "mux" for hierarchy "mux:comb_8" File: C:/Users/axa9763/Desktop/current/term_project/term_project.v Line: 45
Info (12128): Elaborating entity "alu" for hierarchy "alu:comb_9" File: C:/Users/axa9763/Desktop/current/term_project/term_project.v Line: 49
Info (12128): Elaborating entity "register" for hierarchy "alu:comb_9|register:r_a" File: C:/Users/axa9763/Desktop/current/lab7/lab7_alu.sv Line: 24
Info (12128): Elaborating entity "ripple_addsub" for hierarchy "alu:comb_9|ripple_addsub:adder" File: C:/Users/axa9763/Desktop/current/lab7/lab7_alu.sv Line: 30
Info (12128): Elaborating entity "fulladder" for hierarchy "alu:comb_9|ripple_addsub:adder|fulladder:fa0" File: C:/Users/axa9763/Desktop/current/lab7/ripple_adder.sv Line: 20
Info (12128): Elaborating entity "output_unit" for hierarchy "output_unit:comb_10" File: C:/Users/axa9763/Desktop/current/term_project/term_project.v Line: 52
Warning (10230): Verilog HDL assignment warning at output_unit.v(38): truncated value with size 32 to match size of target (8) File: C:/Users/axa9763/Desktop/current/lab10/output_unit.v Line: 38
Info (12128): Elaborating entity "binary2bcd" for hierarchy "output_unit:comb_10|binary2bcd:comb_3" File: C:/Users/axa9763/Desktop/current/lab10/output_unit.v Line: 20
Info (12128): Elaborating entity "add3" for hierarchy "output_unit:comb_10|binary2bcd:comb_3|add3:m1" File: C:/Users/axa9763/Desktop/current/lab10/binary2bcd.v Line: 24
Info (12128): Elaborating entity "bcd2seven" for hierarchy "output_unit:comb_10|bcd2seven:comb_4" File: C:/Users/axa9763/Desktop/current/lab10/output_unit.v Line: 23
Warning (19016): Clock multiplexers are found and protected
    Warning (19017): Found clock multiplexer input_unit:comb_7|keypad_input:comb_3|keypad_base:keypad_base|keypad_decoder:keypad_key_decoder|WideOr4~0 File: C:/Users/axa9763/Desktop/current/lab11/part1/keypad_decoder.v Line: 18
Info (278001): Inferred 1 megafunctions from design logic
    Info (278003): Inferred multiplier megafunction ("lpm_mult") from the following logic: "input_unit:comb_7|bcd2binary_sm:comb_4|Mult0" File: C:/Users/axa9763/Desktop/current/lab11/part1/bcd2binary_sm.v Line: 6
Info (12130): Elaborated megafunction instantiation "input_unit:comb_7|bcd2binary_sm:comb_4|lpm_mult:Mult0" File: C:/Users/axa9763/Desktop/current/lab11/part1/bcd2binary_sm.v Line: 6
Info (12133): Instantiated megafunction "input_unit:comb_7|bcd2binary_sm:comb_4|lpm_mult:Mult0" with the following parameter: File: C:/Users/axa9763/Desktop/current/lab11/part1/bcd2binary_sm.v Line: 6
    Info (12134): Parameter "LPM_WIDTHA" = "4"
    Info (12134): Parameter "LPM_WIDTHB" = "7"
    Info (12134): Parameter "LPM_WIDTHP" = "11"
    Info (12134): Parameter "LPM_WIDTHR" = "11"
    Info (12134): Parameter "LPM_WIDTHS" = "1"
    Info (12134): Parameter "LPM_REPRESENTATION" = "UNSIGNED"
    Info (12134): Parameter "INPUT_A_IS_CONSTANT" = "NO"
    Info (12134): Parameter "INPUT_B_IS_CONSTANT" = "YES"
    Info (12134): Parameter "MAXIMIZE_SPEED" = "5"
Info (12131): Elaborated megafunction instantiation "input_unit:comb_7|bcd2binary_sm:comb_4|lpm_mult:Mult0|multcore:mult_core", which is child of megafunction instantiation "input_unit:comb_7|bcd2binary_sm:comb_4|lpm_mult:Mult0" File: c:/intelfpga_lite/20.1/quartus/libraries/megafunctions/lpm_mult.tdf Line: 309
Info (12131): Elaborated megafunction instantiation "input_unit:comb_7|bcd2binary_sm:comb_4|lpm_mult:Mult0|multcore:mult_core|mpar_add:padder", which is child of megafunction instantiation "input_unit:comb_7|bcd2binary_sm:comb_4|lpm_mult:Mult0" File: c:/intelfpga_lite/20.1/quartus/libraries/megafunctions/multcore.tdf Line: 229
Info (12131): Elaborated megafunction instantiation "input_unit:comb_7|bcd2binary_sm:comb_4|lpm_mult:Mult0|altshift:external_latency_ffs", which is child of megafunction instantiation "input_unit:comb_7|bcd2binary_sm:comb_4|lpm_mult:Mult0" File: c:/intelfpga_lite/20.1/quartus/libraries/megafunctions/lpm_mult.tdf Line: 352
Warning (12241): 4 hierarchies have connectivity warnings - see the Connectivity Checks report folder
Warning (13024): Output pins are stuck at VCC or GND
    Warning (13410): Pin "hex2[5]" is stuck at VCC File: C:/Users/axa9763/Desktop/current/term_project/term_project.v Line: 11
Info (286030): Timing-Driven Synthesis is running
Info (17049): 3 registers lost all their fanouts during netlist optimizations.
Info (144001): Generated suppressed messages file C:/Users/axa9763/Desktop/current/term_project/output_files/term_project.map.smsg
Info (16010): Generating hard_block partition "hard_block:auto_generated_inst"
    Info (16011): Adding 0 node(s), including 0 DDIO, 0 PLL, 0 transceiver and 0 LCELL
Info (21057): Implemented 340 device resources after synthesis - the final resource count might be different
    Info (21058): Implemented 7 input pins
    Info (21059): Implemented 29 output pins
    Info (21061): Implemented 304 logic cells
Info: Quartus Prime Analysis & Synthesis was successful. 0 errors, 25 warnings
    Info: Peak virtual memory: 4781 megabytes
    Info: Processing ended: Tue Dec 03 18:19:16 2024
    Info: Elapsed time: 00:00:09
    Info: Total CPU time (on all processors): 00:00:20


+------------------------------------------+
; Analysis & Synthesis Suppressed Messages ;
+------------------------------------------+
The suppressed messages can be found in C:/Users/axa9763/Desktop/current/term_project/output_files/term_project.map.smsg.


